<?xml version="1.0" encoding="UTF-8"?>
<!-- Generated by org.testng.reporters.JUnitReportReporter -->
<testsuite hostname="Hisu" failures="0" tests="9" name="group1.dao.SanPhamDaoTest" time="0.450" errors="0" timestamp="2024-04-07T01:57:19 ICT" skipped="0">
  <testcase classname="group1.dao.SanPhamDaoTest" name="testInsertNewSanPham" time="0.065"/>
  <testcase classname="group1.dao.SanPhamDaoTest" name="testSelectById" time="0.053"/>
  <testcase classname="group1.dao.SanPhamDaoTest" name="testUpdate" time="0.066"/>
  <testcase classname="group1.dao.SanPhamDaoTest" name="testDelete" time="0.041"/>
  <testcase classname="group1.dao.SanPhamDaoTest" name="testUpdateSanPham" time="0.040"/>
  <testcase classname="group1.dao.SanPhamDaoTest" name="testInsert" time="0.057"/>
  <testcase classname="group1.dao.SanPhamDaoTest" name="testDeleteSanPham" time="0.072"/>
  <testcase classname="group1.dao.SanPhamDaoTest" name="testSelectAll" time="0.014"/>
  <testcase classname="group1.dao.SanPhamDaoTest" name="testInsertInvalidSanPham" time="0.042"/>
</testsuite> <!-- group1.dao.SanPhamDaoTest -->
