<?xml version="1.0" encoding="UTF-8"?>
<!-- Generated by org.testng.reporters.JUnitReportReporter -->
<testsuite hostname="Hisu" failures="0" tests="5" name="group1.dao.HoaDonDAOTest" time="0.124" errors="0" timestamp="2024-04-07T01:57:19 ICT" skipped="0">
  <testcase classname="group1.dao.HoaDonDAOTest" name="testSelectByKeyword" time="0.013"/>
  <testcase classname="group1.dao.HoaDonDAOTest" name="testSelectAll" time="0.014"/>
  <testcase classname="group1.dao.HoaDonDAOTest" name="testDelete" time="0.052"/>
  <testcase classname="group1.dao.HoaDonDAOTest" name="testInsert" time="0.032"/>
  <testcase classname="group1.dao.HoaDonDAOTest" name="testSelectById" time="0.013"/>
</testsuite> <!-- group1.dao.HoaDonDAOTest -->
