<?xml version="1.0" encoding="UTF-8"?>
<!-- Generated by org.testng.reporters.JUnitReportReporter -->
<testsuite hostname="Hisu" failures="0" tests="1" name="group1.dao.Testlogin" time="6.769" errors="0" timestamp="2024-04-07T20:58:25 ICT" skipped="0">
  <testcase classname="group1.dao.Testlogin" name="testLogin" time="6.769"/>
</testsuite> <!-- group1.dao.Testlogin -->
