<?xml version="1.0" encoding="UTF-8"?>
<!-- Generated by org.testng.reporters.JUnitReportReporter -->
<testsuite hostname="Hisu" failures="0" tests="9" name="group1.dao.CongThucDaoTest" time="1.041" errors="0" timestamp="2024-04-09T08:56:58 ICT" skipped="0">
  <testcase classname="group1.dao.CongThucDaoTest" name="updateTest" time="0.054"/>
  <testcase classname="group1.dao.CongThucDaoTest" name="insertTestFail" time="0.002"/>
  <testcase classname="group1.dao.CongThucDaoTest" name="insertTestFail_2" time="0.002"/>
  <testcase classname="group1.dao.CongThucDaoTest" name="updateTest_2" time="0.084"/>
  <testcase classname="group1.dao.CongThucDaoTest" name="TC08" time="0.578"/>
  <testcase classname="group1.dao.CongThucDaoTest" name="TC09" time="0.094"/>
  <testcase classname="group1.dao.CongThucDaoTest" name="deleteTest" time="0.072"/>
  <testcase classname="group1.dao.CongThucDaoTest" name="deleteTest_2" time="0.153"/>
  <testcase classname="group1.dao.CongThucDaoTest" name="insertTest" time="0.002"/>
</testsuite> <!-- group1.dao.CongThucDaoTest -->
