<?xml version="1.0" encoding="UTF-8"?>
<!-- Generated by org.testng.reporters.JUnitReportReporter -->
<testsuite hostname="Hisu" failures="0" tests="1" name="group1.dao.CongThucDaoTestDP" time="3.130" errors="0" timestamp="2024-04-09T09:07:09 ICT" skipped="0">
  <testcase classname="group1.dao.CongThucDaoTestDP" name="updateTest" time="3.130"/>
</testsuite> <!-- group1.dao.CongThucDaoTestDP -->
